<?xml version="1.0" encoding="UTF-8"?>
<!-- Generated by org.testng.reporters.JUnitReportReporter -->
<testsuite hostname="LAPTOP-I0FRDO6Q" failures="0" tests="1" name="TestCases.Login" time="5.698" errors="0" timestamp="2023-04-28T18:17:46 IST" skipped="0">
  <testcase classname="TestCases.Login" name="loginWithValidCredentials" time="5.698"/>
  <system-out/>
</testsuite> <!-- TestCases.Login -->
