<?xml version="1.0" encoding="UTF-8"?>
<!-- Generated by org.testng.reporters.JUnitReportReporter -->
<testsuite hostname="LAPTOP-I0FRDO6Q" failures="0" tests="1" name="TestCases.Register" time="7.109" errors="0" timestamp="2023-04-28T18:16:15 IST" skipped="0">
  <testcase classname="TestCases.Register" name="register" time="7.109"/>
  <system-out/>
</testsuite> <!-- TestCases.Register -->
