<?xml version="1.0" encoding="UTF-8"?>
<!-- Generated by org.testng.reporters.JUnitReportReporter -->
<testsuite hostname="LAPTOP-I0FRDO6Q" failures="0" tests="1" name="TestCases" time="15.706" errors="0" timestamp="2022-12-28T13:24:43 IST" skipped="0">
  <testcase classname="TestCases" name="method" time="15.706"/>
  <system-out/>
</testsuite> <!-- TestCases -->
