<?xml version="1.0" encoding="UTF-8"?>
<!-- Generated by org.testng.reporters.JUnitReportReporter -->
<testsuite hostname="LAPTOP-I0FRDO6Q" failures="0" tests="1" name="TestCases.ComparingthePrices" time="18.370" errors="0" timestamp="2023-01-23T08:24:01 IST" skipped="0">
  <testcase classname="TestCases.ComparingthePrices" name="method" time="18.370"/>
  <system-out/>
</testsuite> <!-- TestCases.ComparingthePrices -->
