<?xml version="1.0" encoding="UTF-8"?>
<!-- Generated by org.testng.reporters.JUnitReportReporter -->
<testsuite hostname="LAPTOP-I0FRDO6Q" failures="0" tests="1" name="TestCases.mouseHovering" time="12.640" errors="0" timestamp="2023-04-28T18:12:05 IST" skipped="0">
  <testcase classname="TestCases.mouseHovering" name="method" time="12.640"/>
  <system-out/>
</testsuite> <!-- TestCases.mouseHovering -->
