<?xml version="1.0" encoding="UTF-8"?>
<!-- Generated by org.testng.reporters.JUnitReportReporter -->
<testsuite hostname="LAPTOP-I0FRDO6Q" failures="0" tests="1" name="TestCases.AccessingHeaders" time="28.409" errors="0" timestamp="2023-05-05T09:38:28 IST" skipped="0">
  <testcase classname="TestCases.AccessingHeaders" name="VerifyAccessingHeadersfromHomePage" time="28.409"/>
  <system-out/>
</testsuite> <!-- TestCases.AccessingHeaders -->
