<?xml version="1.0" encoding="UTF-8"?>
<!-- Generated by org.testng.reporters.JUnitReportReporter -->
<testsuite hostname="LAPTOP-I0FRDO6Q" failures="0" tests="1" name="Resources.BaseClass" time="11.627" errors="0" timestamp="2022-12-26T11:55:17 IST" skipped="0">
  <testcase classname="Resources.BaseClass" name="launch" time="11.627"/>
  <system-out/>
</testsuite> <!-- Resources.BaseClass -->
