<?xml version="1.0" encoding="UTF-8"?>
<!-- Generated by org.testng.reporters.JUnitReportReporter -->
<testsuite hostname="LAPTOP-I0FRDO6Q" failures="0" tests="1" name="TestCases.AccessingHeaders" time="25.089" errors="0" timestamp="2023-04-28T18:06:59 IST" skipped="0">
  <testcase classname="TestCases.AccessingHeaders" name="VerifyAccessingHeadersfromLoginPage" time="25.089"/>
  <system-out/>
</testsuite> <!-- TestCases.AccessingHeaders -->
